This file contains any messages produced by compilers while
running configure, to aid debugging if configure makes a mistake.

It was created by Valgrind configure 3.2.3, which was
generated by GNU Autoconf 2.59.  Invocation command line was

  $ ./configure 

## --------- ##
## Platform. ##
## --------- ##

hostname = localhost.localdomain
uname -m = i686
uname -r = 2.6.32-358.el6.i686
uname -s = Linux
uname -v = #1 SMP Tue Jan 29 11:48:01 EST 2013

/usr/bin/uname -p = unknown
/bin/uname -X     = unknown

/bin/arch              = i686
/usr/bin/arch -k       = unknown
/usr/convex/getsysinfo = unknown
hostinfo               = unknown
/bin/machine           = unknown
/usr/bin/oslevel       = unknown
/bin/universe          = unknown

PATH: /usr/lib/qt-3.3/bin
PATH: /usr/local/sbin
PATH: /usr/sbin
PATH: /sbin
PATH: /usr/local/bin
PATH: /usr/bin
PATH: /bin
PATH: /root/bin


## ----------- ##
## Core tests. ##
## ----------- ##

configure:1396: checking for a BSD-compatible install
configure:1451: result: /usr/bin/install -c
configure:1462: checking whether build environment is sane
configure:1505: result: yes
configure:1570: checking for gawk
configure:1586: found /usr/bin/gawk
configure:1596: result: gawk
configure:1606: checking whether make sets $(MAKE)
configure:1626: result: yes
configure:1795: checking whether to enable maintainer-specific portions of Makefiles
configure:1804: result: no
configure:1886: checking whether ln -s works
configure:1890: result: yes
configure:1943: checking for gcc
configure:1959: found /usr/bin/gcc
configure:1969: result: gcc
configure:2213: checking for C compiler version
configure:2216: gcc --version </dev/null >&5
gcc (GCC) 4.4.7 20120313 (Red Hat 4.4.7-3)
Copyright (C) 2010 Free Software Foundation, Inc.
This is free software; see the source for copying conditions.  There is NO
warranty; not even for MERCHANTABILITY or FITNESS FOR A PARTICULAR PURPOSE.

configure:2219: $? = 0
configure:2221: gcc -v </dev/null >&5
Using built-in specs.
Target: i686-redhat-linux
Configured with: ../configure --prefix=/usr --mandir=/usr/share/man --infodir=/usr/share/info --with-bugurl=http://bugzilla.redhat.com/bugzilla --enable-bootstrap --enable-shared --enable-threads=posix --enable-checking=release --with-system-zlib --enable-__cxa_atexit --disable-libunwind-exceptions --enable-gnu-unique-object --enable-languages=c,c++,objc,obj-c++,java,fortran,ada --enable-java-awt=gtk --disable-dssi --with-java-home=/usr/lib/jvm/java-1.5.0-gcj-1.5.0.0/jre --enable-libgcj-multifile --enable-java-maintainer-mode --with-ecj-jar=/usr/share/java/eclipse-ecj.jar --disable-libjava-multilib --with-ppl --with-cloog --with-tune=generic --with-arch=i686 --build=i686-redhat-linux
Thread model: posix
gcc version 4.4.7 20120313 (Red Hat 4.4.7-3) (GCC) 
configure:2224: $? = 0
configure:2226: gcc -V </dev/null >&5
gcc: '-V' option must have argument
configure:2229: $? = 1
configure:2252: checking for C compiler default output file name
configure:2255: gcc -Wno-long-long   conftest.c  >&5
configure:2258: $? = 0
configure:2304: result: a.out
configure:2309: checking whether the C compiler works
configure:2315: ./a.out
configure:2318: $? = 0
configure:2335: result: yes
configure:2342: checking whether we are cross compiling
configure:2344: result: no
configure:2347: checking for suffix of executables
configure:2349: gcc -o conftest -Wno-long-long   conftest.c  >&5
configure:2352: $? = 0
configure:2377: result: 
configure:2383: checking for suffix of object files
configure:2404: gcc -c -Wno-long-long  conftest.c >&5
configure:2407: $? = 0
configure:2429: result: o
configure:2433: checking whether we are using the GNU C compiler
configure:2457: gcc -c -Wno-long-long  conftest.c >&5
configure:2463: $? = 0
configure:2467: test -z 
			 || test ! -s conftest.err
configure:2470: $? = 0
configure:2473: test -s conftest.o
configure:2476: $? = 0
configure:2489: result: yes
configure:2495: checking whether gcc accepts -g
configure:2516: gcc -c -g  conftest.c >&5
configure:2522: $? = 0
configure:2526: test -z 
			 || test ! -s conftest.err
configure:2529: $? = 0
configure:2532: test -s conftest.o
configure:2535: $? = 0
configure:2546: result: yes
configure:2563: checking for gcc option to accept ANSI C
configure:2633: gcc  -c -Wno-long-long  conftest.c >&5
configure:2639: $? = 0
configure:2643: test -z 
			 || test ! -s conftest.err
configure:2646: $? = 0
configure:2649: test -s conftest.o
configure:2652: $? = 0
configure:2670: result: none needed
configure:2688: gcc -c -Wno-long-long  conftest.c >&5
conftest.c:2: error: expected '=', ',', ';', 'asm' or '__attribute__' before 'me'
configure:2694: $? = 1
configure: failed program was:
| #ifndef __cplusplus
|   choke me
| #endif
configure:2838: checking for style of include used by make
configure:2866: result: GNU
configure:2894: checking dependency style of gcc
configure:2984: result: gcc3
configure:3007: checking how to run the C preprocessor
configure:3042: gcc -E  conftest.c
configure:3048: $? = 0
configure:3080: gcc -E  conftest.c
conftest.c:11:28: error: ac_nonexistent.h: No such file or directory
configure:3086: $? = 1
configure: failed program was:
| /* confdefs.h.  */
| 
| #define PACKAGE_NAME "Valgrind"
| #define PACKAGE_TARNAME "valgrind"
| #define PACKAGE_VERSION "3.2.3"
| #define PACKAGE_STRING "Valgrind 3.2.3"
| #define PACKAGE_BUGREPORT "valgrind-users@lists.sourceforge.net"
| #define PACKAGE "valgrind"
| #define VERSION "3.2.3"
| /* end confdefs.h.  */
| #include <ac_nonexistent.h>
configure:3125: result: gcc -E
configure:3149: gcc -E  conftest.c
configure:3155: $? = 0
configure:3187: gcc -E  conftest.c
conftest.c:11:28: error: ac_nonexistent.h: No such file or directory
configure:3193: $? = 1
configure: failed program was:
| /* confdefs.h.  */
| 
| #define PACKAGE_NAME "Valgrind"
| #define PACKAGE_TARNAME "valgrind"
| #define PACKAGE_VERSION "3.2.3"
| #define PACKAGE_STRING "Valgrind 3.2.3"
| #define PACKAGE_BUGREPORT "valgrind-users@lists.sourceforge.net"
| #define PACKAGE "valgrind"
| #define VERSION "3.2.3"
| /* end confdefs.h.  */
| #include <ac_nonexistent.h>
configure:3288: checking for g++
configure:3304: found /usr/bin/g++
configure:3314: result: g++
configure:3330: checking for C++ compiler version
configure:3333: g++ --version </dev/null >&5
g++ (GCC) 4.4.7 20120313 (Red Hat 4.4.7-3)
Copyright (C) 2010 Free Software Foundation, Inc.
This is free software; see the source for copying conditions.  There is NO
warranty; not even for MERCHANTABILITY or FITNESS FOR A PARTICULAR PURPOSE.

configure:3336: $? = 0
configure:3338: g++ -v </dev/null >&5
Using built-in specs.
Target: i686-redhat-linux
Configured with: ../configure --prefix=/usr --mandir=/usr/share/man --infodir=/usr/share/info --with-bugurl=http://bugzilla.redhat.com/bugzilla --enable-bootstrap --enable-shared --enable-threads=posix --enable-checking=release --with-system-zlib --enable-__cxa_atexit --disable-libunwind-exceptions --enable-gnu-unique-object --enable-languages=c,c++,objc,obj-c++,java,fortran,ada --enable-java-awt=gtk --disable-dssi --with-java-home=/usr/lib/jvm/java-1.5.0-gcj-1.5.0.0/jre --enable-libgcj-multifile --enable-java-maintainer-mode --with-ecj-jar=/usr/share/java/eclipse-ecj.jar --disable-libjava-multilib --with-ppl --with-cloog --with-tune=generic --with-arch=i686 --build=i686-redhat-linux
Thread model: posix
gcc version 4.4.7 20120313 (Red Hat 4.4.7-3) (GCC) 
configure:3341: $? = 0
configure:3343: g++ -V </dev/null >&5
g++: '-V' option must have argument
configure:3346: $? = 1
configure:3349: checking whether we are using the GNU C++ compiler
configure:3373: g++ -c   conftest.cc >&5
configure:3379: $? = 0
configure:3383: test -z 
			 || test ! -s conftest.err
configure:3386: $? = 0
configure:3389: test -s conftest.o
configure:3392: $? = 0
configure:3405: result: yes
configure:3411: checking whether g++ accepts -g
configure:3432: g++ -c -g  conftest.cc >&5
configure:3438: $? = 0
configure:3442: test -z 
			 || test ! -s conftest.err
configure:3445: $? = 0
configure:3448: test -s conftest.o
configure:3451: $? = 0
configure:3462: result: yes
configure:3504: g++ -c -g -O2  conftest.cc >&5
configure:3510: $? = 0
configure:3514: test -z 
			 || test ! -s conftest.err
configure:3517: $? = 0
configure:3520: test -s conftest.o
configure:3523: $? = 0
configure:3549: g++ -c -g -O2  conftest.cc >&5
conftest.cc: In function 'int main()':
conftest.cc:15: error: 'exit' was not declared in this scope
configure:3555: $? = 1
configure: failed program was:
| /* confdefs.h.  */
| 
| #define PACKAGE_NAME "Valgrind"
| #define PACKAGE_TARNAME "valgrind"
| #define PACKAGE_VERSION "3.2.3"
| #define PACKAGE_STRING "Valgrind 3.2.3"
| #define PACKAGE_BUGREPORT "valgrind-users@lists.sourceforge.net"
| #define PACKAGE "valgrind"
| #define VERSION "3.2.3"
| /* end confdefs.h.  */
| 
| int
| main ()
| {
| exit (42);
|   ;
|   return 0;
| }
configure:3504: g++ -c -g -O2  conftest.cc >&5
conftest.cc:11: error: 'void std::exit(int)' should have been declared inside 'std'
configure:3510: $? = 1
configure: failed program was:
| /* confdefs.h.  */
| 
| #define PACKAGE_NAME "Valgrind"
| #define PACKAGE_TARNAME "valgrind"
| #define PACKAGE_VERSION "3.2.3"
| #define PACKAGE_STRING "Valgrind 3.2.3"
| #define PACKAGE_BUGREPORT "valgrind-users@lists.sourceforge.net"
| #define PACKAGE "valgrind"
| #define VERSION "3.2.3"
| /* end confdefs.h.  */
| extern "C" void std::exit (int) throw (); using std::exit;
| #include <stdlib.h>
| int
| main ()
| {
| exit (42);
|   ;
|   return 0;
| }
configure:3504: g++ -c -g -O2  conftest.cc >&5
conftest.cc:11: error: 'void std::exit(int)' should have been declared inside 'std'
In file included from conftest.cc:12:
/usr/include/stdlib.h:544: error: declaration of 'void std::exit(int) throw ()' throws different exceptions
conftest.cc:11: error: from previous declaration 'void std::exit(int)'
configure:3510: $? = 1
configure: failed program was:
| /* confdefs.h.  */
| 
| #define PACKAGE_NAME "Valgrind"
| #define PACKAGE_TARNAME "valgrind"
| #define PACKAGE_VERSION "3.2.3"
| #define PACKAGE_STRING "Valgrind 3.2.3"
| #define PACKAGE_BUGREPORT "valgrind-users@lists.sourceforge.net"
| #define PACKAGE "valgrind"
| #define VERSION "3.2.3"
| /* end confdefs.h.  */
| extern "C" void std::exit (int); using std::exit;
| #include <stdlib.h>
| int
| main ()
| {
| exit (42);
|   ;
|   return 0;
| }
configure:3504: g++ -c -g -O2  conftest.cc >&5
configure:3510: $? = 0
configure:3514: test -z 
			 || test ! -s conftest.err
configure:3517: $? = 0
configure:3520: test -s conftest.o
configure:3523: $? = 0
configure:3549: g++ -c -g -O2  conftest.cc >&5
configure:3555: $? = 0
configure:3559: test -z 
			 || test ! -s conftest.err
configure:3562: $? = 0
configure:3565: test -s conftest.o
configure:3568: $? = 0
configure:3593: checking dependency style of g++
configure:3683: result: gcc3
configure:3741: checking for ranlib
configure:3757: found /usr/bin/ranlib
configure:3768: result: ranlib
configure:3791: checking for perl
configure:3809: found /usr/bin/perl
configure:3821: result: /usr/bin/perl
configure:3832: checking for gdb
configure:3850: found /usr/bin/gdb
configure:3862: result: /usr/bin/gdb
configure:3886: checking for a supported version of gcc
configure:3915: result: ok (gcc (GCC) 4.4.7 20120313 (Red Hat 4.4.7-3))
configure:3928: checking build system type
configure:3946: result: i686-pc-linux
configure:3954: checking host system type
configure:3968: result: i686-pc-linux
configure:3977: checking for a supported CPU
configure:3988: result: ok (i686)
configure:4030: checking for use as an inner Valgrind
configure:4043: result: no
configure:4062: checking for a 64-bit only build
configure:4075: result: no
configure:4079: checking for a 32-bit only build
configure:4092: result: no
configure:4104: checking for a supported OS
configure:4110: result: ok (linux)
configure:4115: checking for the kernel version
configure:4122: result: 2.6 family (2.6.32-358.el6.i686)
configure:4176: checking for a supported CPU/OS combination
configure:4186: result: ok (i686-linux)
configure:4290: checking for egrep
configure:4300: result: grep -E
configure:4393: checking the glibc version
configure:4442: result: unsupported version
configure:4444: error: Valgrind requires glibc version 2.2 - 2.5

## ---------------- ##
## Cache variables. ##
## ---------------- ##

ac_cv_build=i686-pc-linux
ac_cv_build_alias=i686-pc-linux
ac_cv_c_compiler_gnu=yes
ac_cv_cxx_compiler_gnu=yes
ac_cv_env_CCASFLAGS_set=
ac_cv_env_CCASFLAGS_value=
ac_cv_env_CCAS_set=
ac_cv_env_CCAS_value=
ac_cv_env_CC_set=
ac_cv_env_CC_value=
ac_cv_env_CFLAGS_set=
ac_cv_env_CFLAGS_value=
ac_cv_env_CPPFLAGS_set=
ac_cv_env_CPPFLAGS_value=
ac_cv_env_CPP_set=
ac_cv_env_CPP_value=
ac_cv_env_CXXFLAGS_set=
ac_cv_env_CXXFLAGS_value=
ac_cv_env_CXX_set=
ac_cv_env_CXX_value=
ac_cv_env_LDFLAGS_set=
ac_cv_env_LDFLAGS_value=
ac_cv_env_build_alias_set=
ac_cv_env_build_alias_value=
ac_cv_env_host_alias_set=
ac_cv_env_host_alias_value=
ac_cv_env_target_alias_set=
ac_cv_env_target_alias_value=
ac_cv_exeext=
ac_cv_host=i686-pc-linux
ac_cv_host_alias=i686-pc-linux
ac_cv_objext=o
ac_cv_path_GDB=/usr/bin/gdb
ac_cv_path_PERL=/usr/bin/perl
ac_cv_path_install='/usr/bin/install -c'
ac_cv_prog_AWK=gawk
ac_cv_prog_CPP='gcc -E'
ac_cv_prog_ac_ct_CC=gcc
ac_cv_prog_ac_ct_CXX=g++
ac_cv_prog_ac_ct_RANLIB=ranlib
ac_cv_prog_cc_g=yes
ac_cv_prog_cc_stdc=
ac_cv_prog_cxx_g=yes
ac_cv_prog_egrep='grep -E'
ac_cv_prog_make_make_set=yes
am_cv_CC_dependencies_compiler_type=gcc3
am_cv_CXX_dependencies_compiler_type=gcc3
vg_cv_inner=no
vg_cv_only32bit=no
vg_cv_only64bit=no

## ----------------- ##
## Output variables. ##
## ----------------- ##

ACLOCAL='${SHELL} /root/rpm/valgrind-3.2.3/missing --run aclocal-1.9'
AMDEPBACKSLASH='\'
AMDEP_FALSE='#'
AMDEP_TRUE=''
AMTAR='${SHELL} /root/rpm/valgrind-3.2.3/missing --run tar'
AUTOCONF='${SHELL} /root/rpm/valgrind-3.2.3/missing --run autoconf'
AUTOHEADER='${SHELL} /root/rpm/valgrind-3.2.3/missing --run autoheader'
AUTOMAKE='${SHELL} /root/rpm/valgrind-3.2.3/missing --run automake-1.9'
AWK='gawk'
BUILD_MPIWRAP_FALSE=''
BUILD_MPIWRAP_TRUE=''
CC='gcc'
CCAS='gcc'
CCASFLAGS='-Wno-long-long'
CCDEPMODE='depmode=gcc3'
CFLAGS='-Wno-long-long'
CPP='gcc -E'
CPPFLAGS=''
CXX='g++'
CXXDEPMODE='depmode=gcc3'
CXXFLAGS='-g -O2'
CYGPATH_W='echo'
DEFAULT_SUPP=''
DEFS=''
DEPDIR='.deps'
DISTCHECK_CONFIGURE_FLAGS='--with-vex=$(top_srcdir)/VEX'
ECHO_C=''
ECHO_N='-n'
ECHO_T=''
EGREP='grep -E'
EXEEXT=''
FLAG_M32=''
FLAG_M64=''
FLAG_MMMX=''
FLAG_MSSE=''
FLAG_WDECL_AFTER_STMT=''
GDB='/usr/bin/gdb'
INSTALL_DATA='${INSTALL} -m 644'
INSTALL_PROGRAM='${INSTALL}'
INSTALL_SCRIPT='${INSTALL}'
INSTALL_STRIP_PROGRAM='${SHELL} $(install_sh) -c -s'
LDFLAGS=''
LIBOBJS=''
LIBS=''
LN_S='ln -s'
LTLIBOBJS=''
MAINT='#'
MAINTAINER_MODE_FALSE=''
MAINTAINER_MODE_TRUE='#'
MAKEINFO='${SHELL} /root/rpm/valgrind-3.2.3/missing --run makeinfo'
MPI_CC=''
OBJEXT='o'
PACKAGE='valgrind'
PACKAGE_BUGREPORT='valgrind-users@lists.sourceforge.net'
PACKAGE_NAME='Valgrind'
PACKAGE_STRING='Valgrind 3.2.3'
PACKAGE_TARNAME='valgrind'
PACKAGE_VERSION='3.2.3'
PATH_SEPARATOR=':'
PERL='/usr/bin/perl'
PREFERRED_STACK_BOUNDARY=''
RANLIB='ranlib'
SET_MAKE=''
SHELL='/bin/sh'
STRIP=''
VALT_LOAD_ADDRESS='0x38000000'
VERSION='3.2.3'
VEX_DIR='$(top_srcdir)/VEX'
VG_AMD64_LINUX_FALSE=''
VG_AMD64_LINUX_TRUE='#'
VG_ARCH='x86'
VG_ARCH_ALL='amd64 ppc32 ppc64 x86'
VG_OS='linux'
VG_PLATFORM_PRI='X86_LINUX'
VG_PLATFORM_SEC=''
VG_PPC32_LINUX_FALSE=''
VG_PPC32_LINUX_TRUE='#'
VG_PPC64_LINUX_FALSE=''
VG_PPC64_LINUX_TRUE='#'
VG_X86_LINUX_FALSE='#'
VG_X86_LINUX_TRUE=''
ac_ct_CC='gcc'
ac_ct_CXX='g++'
ac_ct_RANLIB='ranlib'
ac_ct_STRIP=''
am__fastdepCC_FALSE='#'
am__fastdepCC_TRUE=''
am__fastdepCXX_FALSE='#'
am__fastdepCXX_TRUE=''
am__include='include'
am__leading_dot='.'
am__quote=''
am__tar='${AMTAR} chof - "$$tardir"'
am__untar='${AMTAR} xf -'
bindir='${exec_prefix}/bin'
build='i686-pc-linux'
build_alias=''
build_cpu='i686'
build_os='linux'
build_vendor='pc'
datadir='${prefix}/share'
exec_prefix='NONE'
host='i686-pc-linux'
host_alias=''
host_cpu='i686'
host_os='linux'
host_vendor='pc'
includedir='${prefix}/include'
infodir='${prefix}/info'
install_sh='/root/rpm/valgrind-3.2.3/install-sh'
libdir='${exec_prefix}/lib'
libexecdir='${exec_prefix}/libexec'
localstatedir='${prefix}/var'
mandir='${prefix}/man'
mkdir_p='mkdir -p --'
oldincludedir='/usr/include'
prefix='NONE'
program_transform_name='s,x,x,'
sbindir='${exec_prefix}/sbin'
sharedstatedir='${prefix}/com'
sysconfdir='${prefix}/etc'
target_alias=''

## ----------- ##
## confdefs.h. ##
## ----------- ##

#define GDB_PATH "/usr/bin/gdb"
#define KERNEL_2_6 1
#define PACKAGE "valgrind"
#define PACKAGE_BUGREPORT "valgrind-users@lists.sourceforge.net"
#define PACKAGE_NAME "Valgrind"
#define PACKAGE_STRING "Valgrind 3.2.3"
#define PACKAGE_TARNAME "valgrind"
#define PACKAGE_VERSION "3.2.3"
#define VERSION "3.2.3"
#endif
#ifdef __cplusplus
extern "C" void exit (int) throw ();

configure: exit 1
